{"F:\\React\\Redux\\redux-starter\\src\\math.js": {"path":"F:\\React\\Redux\\redux-starter\\src\\math.js","statementMap":{"0":{"start":{"line":1,"column":22},"end":{"line":1,"column":46}},"1":{"start":{"line":1,"column":32},"end":{"line":1,"column":46}}},"fnMap":{"0":{"name":"(anonymous_0)","decl":{"start":{"line":1,"column":22},"end":{"line":1,"column":23}},"loc":{"start":{"line":1,"column":32},"end":{"line":1,"column":46}},"line":1}},"branchMap":{},"s":{"0":1,"1":2},"f":{"0":2},"b":{},"_coverageSchema":"1a1c01bbd47fc00a2c39e90264f33305004495a9","hash":"3ac543a9405bb66188255e9870c2c382caadf643"}
,"F:\\React\\Redux\\redux-starter\\src\\store\\api.js": {"path":"F:\\React\\Redux\\redux-starter\\src\\store\\api.js","statementMap":{"0":{"start":{"line":3,"column":28},"end":{"line":3,"column":57}},"1":{"start":{"line":4,"column":30},"end":{"line":4,"column":61}},"2":{"start":{"line":5,"column":29},"end":{"line":5,"column":59}}},"fnMap":{},"branchMap":{},"s":{"0":1,"1":1,"2":1},"f":{},"b":{},"_coverageSchema":"1a1c01bbd47fc00a2c39e90264f33305004495a9","hash":"115b097abcd47ce9e3df80c061fabfa6496194bc"}
,"F:\\React\\Redux\\redux-starter\\src\\store\\bugs.js": {"path":"F:\\React\\Redux\\redux-starter\\src\\store\\bugs.js","statementMap":{"0":{"start":{"line":6,"column":14},"end":{"line":45,"column":2}},"1":{"start":{"line":15,"column":12},"end":{"line":15,"column":31}},"2":{"start":{"line":19,"column":12},"end":{"line":19,"column":32}},"3":{"start":{"line":23,"column":12},"end":{"line":23,"column":38}},"4":{"start":{"line":24,"column":12},"end":{"line":24,"column":32}},"5":{"start":{"line":25,"column":12},"end":{"line":25,"column":39}},"6":{"start":{"line":29,"column":42},"end":{"line":29,"column":56}},"7":{"start":{"line":30,"column":26},"end":{"line":30,"column":70}},"8":{"start":{"line":30,"column":53},"end":{"line":30,"column":69}},"9":{"start":{"line":31,"column":12},"end":{"line":31,"column":44}},"10":{"start":{"line":36,"column":12},"end":{"line":36,"column":42}},"11":{"start":{"line":40,"column":26},"end":{"line":40,"column":82}},"12":{"start":{"line":40,"column":53},"end":{"line":40,"column":81}},"13":{"start":{"line":41,"column":12},"end":{"line":41,"column":44}},"14":{"start":{"line":56,"column":4},"end":{"line":56,"column":17}},"15":{"start":{"line":58,"column":12},"end":{"line":58,"column":19}},"16":{"start":{"line":60,"column":24},"end":{"line":73,"column":1}},"17":{"start":{"line":60,"column":30},"end":{"line":73,"column":1}},"18":{"start":{"line":61,"column":26},"end":{"line":61,"column":50}},"19":{"start":{"line":62,"column":26},"end":{"line":62,"column":69}},"20":{"start":{"line":64,"column":4},"end":{"line":64,"column":33}},"21":{"start":{"line":64,"column":27},"end":{"line":64,"column":33}},"22":{"start":{"line":65,"column":4},"end":{"line":65,"column":26}},"23":{"start":{"line":67,"column":4},"end":{"line":72,"column":7}},"24":{"start":{"line":75,"column":22},"end":{"line":80,"column":2}},"25":{"start":{"line":75,"column":29},"end":{"line":80,"column":2}},"26":{"start":{"line":82,"column":26},"end":{"line":88,"column":2}},"27":{"start":{"line":82,"column":32},"end":{"line":88,"column":2}},"28":{"start":{"line":90,"column":31},"end":{"line":95,"column":2}},"29":{"start":{"line":90,"column":50},"end":{"line":95,"column":2}},"30":{"start":{"line":98,"column":33},"end":{"line":101,"column":1}},"31":{"start":{"line":99,"column":13},"end":{"line":99,"column":32}},"32":{"start":{"line":100,"column":12},"end":{"line":100,"column":45}},"33":{"start":{"line":100,"column":31},"end":{"line":100,"column":44}},"34":{"start":{"line":103,"column":37},"end":{"line":106,"column":1}},"35":{"start":{"line":103,"column":47},"end":{"line":106,"column":1}},"36":{"start":{"line":104,"column":13},"end":{"line":104,"column":32}},"37":{"start":{"line":105,"column":12},"end":{"line":105,"column":53}},"38":{"start":{"line":105,"column":31},"end":{"line":105,"column":52}}},"fnMap":{"0":{"name":"(anonymous_0)","decl":{"start":{"line":14,"column":23},"end":{"line":14,"column":24}},"loc":{"start":{"line":14,"column":41},"end":{"line":16,"column":9}},"line":14},"1":{"name":"(anonymous_1)","decl":{"start":{"line":18,"column":27},"end":{"line":18,"column":28}},"loc":{"start":{"line":18,"column":45},"end":{"line":20,"column":9}},"line":18},"2":{"name":"(anonymous_2)","decl":{"start":{"line":22,"column":22},"end":{"line":22,"column":23}},"loc":{"start":{"line":22,"column":40},"end":{"line":26,"column":9}},"line":22},"3":{"name":"(anonymous_3)","decl":{"start":{"line":28,"column":27},"end":{"line":28,"column":28}},"loc":{"start":{"line":28,"column":45},"end":{"line":32,"column":9}},"line":28},"4":{"name":"(anonymous_4)","decl":{"start":{"line":30,"column":46},"end":{"line":30,"column":47}},"loc":{"start":{"line":30,"column":53},"end":{"line":30,"column":69}},"line":30},"5":{"name":"(anonymous_5)","decl":{"start":{"line":35,"column":18},"end":{"line":35,"column":19}},"loc":{"start":{"line":35,"column":36},"end":{"line":37,"column":9}},"line":35},"6":{"name":"(anonymous_6)","decl":{"start":{"line":39,"column":21},"end":{"line":39,"column":22}},"loc":{"start":{"line":39,"column":39},"end":{"line":42,"column":9}},"line":39},"7":{"name":"(anonymous_7)","decl":{"start":{"line":40,"column":46},"end":{"line":40,"column":47}},"loc":{"start":{"line":40,"column":53},"end":{"line":40,"column":81}},"line":40},"8":{"name":"(anonymous_8)","decl":{"start":{"line":60,"column":24},"end":{"line":60,"column":25}},"loc":{"start":{"line":60,"column":30},"end":{"line":73,"column":1}},"line":60},"9":{"name":"(anonymous_9)","decl":{"start":{"line":60,"column":30},"end":{"line":60,"column":31}},"loc":{"start":{"line":60,"column":54},"end":{"line":73,"column":1}},"line":60},"10":{"name":"(anonymous_10)","decl":{"start":{"line":75,"column":22},"end":{"line":75,"column":23}},"loc":{"start":{"line":75,"column":29},"end":{"line":80,"column":2}},"line":75},"11":{"name":"(anonymous_11)","decl":{"start":{"line":82,"column":26},"end":{"line":82,"column":27}},"loc":{"start":{"line":82,"column":32},"end":{"line":88,"column":2}},"line":82},"12":{"name":"(anonymous_12)","decl":{"start":{"line":90,"column":31},"end":{"line":90,"column":32}},"loc":{"start":{"line":90,"column":50},"end":{"line":95,"column":2}},"line":90},"13":{"name":"(anonymous_13)","decl":{"start":{"line":99,"column":4},"end":{"line":99,"column":5}},"loc":{"start":{"line":99,"column":13},"end":{"line":99,"column":32}},"line":99},"14":{"name":"(anonymous_14)","decl":{"start":{"line":100,"column":4},"end":{"line":100,"column":5}},"loc":{"start":{"line":100,"column":12},"end":{"line":100,"column":45}},"line":100},"15":{"name":"(anonymous_15)","decl":{"start":{"line":100,"column":24},"end":{"line":100,"column":25}},"loc":{"start":{"line":100,"column":31},"end":{"line":100,"column":44}},"line":100},"16":{"name":"(anonymous_16)","decl":{"start":{"line":103,"column":37},"end":{"line":103,"column":38}},"loc":{"start":{"line":103,"column":47},"end":{"line":106,"column":1}},"line":103},"17":{"name":"(anonymous_17)","decl":{"start":{"line":104,"column":4},"end":{"line":104,"column":5}},"loc":{"start":{"line":104,"column":13},"end":{"line":104,"column":32}},"line":104},"18":{"name":"(anonymous_18)","decl":{"start":{"line":105,"column":4},"end":{"line":105,"column":5}},"loc":{"start":{"line":105,"column":12},"end":{"line":105,"column":53}},"line":105},"19":{"name":"(anonymous_19)","decl":{"start":{"line":105,"column":24},"end":{"line":105,"column":25}},"loc":{"start":{"line":105,"column":31},"end":{"line":105,"column":52}},"line":105}},"branchMap":{"0":{"loc":{"start":{"line":64,"column":4},"end":{"line":64,"column":33}},"type":"if","locations":[{"start":{"line":64,"column":4},"end":{"line":64,"column":33}},{"start":{},"end":{}}],"line":64}},"s":{"0":1,"1":0,"2":0,"3":0,"4":0,"5":0,"6":0,"7":0,"8":0,"9":0,"10":1,"11":0,"12":0,"13":0,"14":1,"15":1,"16":1,"17":0,"18":0,"19":0,"20":0,"21":0,"22":0,"23":0,"24":1,"25":2,"26":1,"27":0,"28":1,"29":0,"30":1,"31":0,"32":0,"33":0,"34":1,"35":0,"36":0,"37":0,"38":0},"f":{"0":0,"1":0,"2":0,"3":0,"4":0,"5":1,"6":0,"7":0,"8":0,"9":0,"10":2,"11":0,"12":0,"13":0,"14":0,"15":0,"16":0,"17":0,"18":0,"19":0},"b":{"0":[0,0]},"_coverageSchema":"1a1c01bbd47fc00a2c39e90264f33305004495a9","hash":"7d9b3fdc546e66753fe7e3507358133a5a1c97f7"}
,"F:\\React\\Redux\\redux-starter\\src\\store\\configureStore.js": {"path":"F:\\React\\Redux\\redux-starter\\src\\store\\configureStore.js","statementMap":{"0":{"start":{"line":8,"column":4},"end":{"line":16,"column":6}}},"fnMap":{"0":{"name":"(anonymous_0)","decl":{"start":{"line":7,"column":15},"end":{"line":7,"column":16}},"loc":{"start":{"line":7,"column":26},"end":{"line":17,"column":1}},"line":7}},"branchMap":{},"s":{"0":2},"f":{"0":2},"b":{},"_coverageSchema":"1a1c01bbd47fc00a2c39e90264f33305004495a9","hash":"5b82d3153c009765d16d4720b36f262fbcd8b5cc"}
,"F:\\React\\Redux\\redux-starter\\src\\store\\entities.js": {"path":"F:\\React\\Redux\\redux-starter\\src\\store\\entities.js","statementMap":{},"fnMap":{},"branchMap":{},"s":{},"f":{},"b":{},"_coverageSchema":"1a1c01bbd47fc00a2c39e90264f33305004495a9","hash":"d111d7bb5cf243d74ae92aaf7a01ddaa027e96f8"}
,"F:\\React\\Redux\\redux-starter\\src\\store\\projects.js": {"path":"F:\\React\\Redux\\redux-starter\\src\\store\\projects.js","statementMap":{"0":{"start":{"line":3,"column":16},"end":{"line":3,"column":17}},"1":{"start":{"line":4,"column":14},"end":{"line":15,"column":2}},"2":{"start":{"line":9,"column":12},"end":{"line":12,"column":14}},"3":{"start":{"line":18,"column":32},"end":{"line":18,"column":45}}},"fnMap":{"0":{"name":"(anonymous_0)","decl":{"start":{"line":8,"column":22},"end":{"line":8,"column":23}},"loc":{"start":{"line":8,"column":45},"end":{"line":13,"column":9}},"line":8}},"branchMap":{},"s":{"0":1,"1":1,"2":0,"3":1},"f":{"0":0},"b":{},"_coverageSchema":"1a1c01bbd47fc00a2c39e90264f33305004495a9","hash":"1ebdb6675562feb1d4ce71391724e97c8784a592"}
,"F:\\React\\Redux\\redux-starter\\src\\store\\reducer.js": {"path":"F:\\React\\Redux\\redux-starter\\src\\store\\reducer.js","statementMap":{},"fnMap":{},"branchMap":{},"s":{},"f":{},"b":{},"_coverageSchema":"1a1c01bbd47fc00a2c39e90264f33305004495a9","hash":"6d9c0b4c0be9187030c386f6e57246b2cf9dd7f2"}
,"F:\\React\\Redux\\redux-starter\\src\\store\\users.js": {"path":"F:\\React\\Redux\\redux-starter\\src\\store\\users.js","statementMap":{"0":{"start":{"line":3,"column":16},"end":{"line":3,"column":17}},"1":{"start":{"line":5,"column":14},"end":{"line":16,"column":2}},"2":{"start":{"line":10,"column":12},"end":{"line":13,"column":14}},"3":{"start":{"line":18,"column":29},"end":{"line":18,"column":42}}},"fnMap":{"0":{"name":"(anonymous_0)","decl":{"start":{"line":9,"column":19},"end":{"line":9,"column":20}},"loc":{"start":{"line":9,"column":38},"end":{"line":14,"column":9}},"line":9}},"branchMap":{},"s":{"0":1,"1":1,"2":0,"3":1},"f":{"0":0},"b":{},"_coverageSchema":"1a1c01bbd47fc00a2c39e90264f33305004495a9","hash":"a03c2cce7cf9d04bee82be5a3c4c59f6ab3a4b88"}
,"F:\\React\\Redux\\redux-starter\\src\\store\\middleware\\api.js": {"path":"F:\\React\\Redux\\redux-starter\\src\\store\\middleware\\api.js","statementMap":{"0":{"start":{"line":4,"column":12},"end":{"line":30,"column":1}},"1":{"start":{"line":4,"column":30},"end":{"line":30,"column":1}},"2":{"start":{"line":4,"column":38},"end":{"line":30,"column":1}},"3":{"start":{"line":5,"column":4},"end":{"line":5,"column":69}},"4":{"start":{"line":5,"column":50},"end":{"line":5,"column":69}},"5":{"start":{"line":7,"column":63},"end":{"line":7,"column":77}},"6":{"start":{"line":9,"column":4},"end":{"line":9,"column":41}},"7":{"start":{"line":9,"column":16},"end":{"line":9,"column":41}},"8":{"start":{"line":11,"column":4},"end":{"line":11,"column":16}},"9":{"start":{"line":12,"column":4},"end":{"line":29,"column":5}},"10":{"start":{"line":13,"column":25},"end":{"line":18,"column":10}},"11":{"start":{"line":20,"column":8},"end":{"line":20,"column":55}},"12":{"start":{"line":23,"column":8},"end":{"line":23,"column":74}},"13":{"start":{"line":23,"column":22},"end":{"line":23,"column":74}},"14":{"start":{"line":26,"column":8},"end":{"line":26,"column":54}},"15":{"start":{"line":28,"column":8},"end":{"line":28,"column":70}},"16":{"start":{"line":28,"column":20},"end":{"line":28,"column":70}}},"fnMap":{"0":{"name":"(anonymous_0)","decl":{"start":{"line":4,"column":12},"end":{"line":4,"column":13}},"loc":{"start":{"line":4,"column":30},"end":{"line":30,"column":1}},"line":4},"1":{"name":"(anonymous_1)","decl":{"start":{"line":4,"column":30},"end":{"line":4,"column":31}},"loc":{"start":{"line":4,"column":38},"end":{"line":30,"column":1}},"line":4},"2":{"name":"(anonymous_2)","decl":{"start":{"line":4,"column":38},"end":{"line":4,"column":39}},"loc":{"start":{"line":4,"column":54},"end":{"line":30,"column":1}},"line":4}},"branchMap":{"0":{"loc":{"start":{"line":5,"column":4},"end":{"line":5,"column":69}},"type":"if","locations":[{"start":{"line":5,"column":4},"end":{"line":5,"column":69}},{"start":{},"end":{}}],"line":5},"1":{"loc":{"start":{"line":9,"column":4},"end":{"line":9,"column":41}},"type":"if","locations":[{"start":{"line":9,"column":4},"end":{"line":9,"column":41}},{"start":{},"end":{}}],"line":9},"2":{"loc":{"start":{"line":23,"column":8},"end":{"line":23,"column":74}},"type":"if","locations":[{"start":{"line":23,"column":8},"end":{"line":23,"column":74}},{"start":{},"end":{}}],"line":23},"3":{"loc":{"start":{"line":28,"column":8},"end":{"line":28,"column":70}},"type":"if","locations":[{"start":{"line":28,"column":8},"end":{"line":28,"column":70}},{"start":{},"end":{}}],"line":28}},"s":{"0":1,"1":2,"2":2,"3":5,"4":3,"5":2,"6":2,"7":0,"8":2,"9":2,"10":2,"11":1,"12":1,"13":1,"14":1,"15":1,"16":0},"f":{"0":2,"1":2,"2":5},"b":{"0":[3,2],"1":[0,2],"2":[1,0],"3":[0,1]},"_coverageSchema":"1a1c01bbd47fc00a2c39e90264f33305004495a9","hash":"cdecd21500c2a10f51239c755a7ca779dd49fde5"}
,"F:\\React\\Redux\\redux-starter\\src\\store\\middleware\\logger.js": {"path":"F:\\React\\Redux\\redux-starter\\src\\store\\middleware\\logger.js","statementMap":{"0":{"start":{"line":1,"column":15},"end":{"line":4,"column":1}},"1":{"start":{"line":1,"column":25},"end":{"line":4,"column":1}},"2":{"start":{"line":1,"column":34},"end":{"line":4,"column":1}},"3":{"start":{"line":1,"column":42},"end":{"line":4,"column":1}},"4":{"start":{"line":2,"column":4},"end":{"line":2,"column":23}},"5":{"start":{"line":3,"column":4},"end":{"line":3,"column":23}}},"fnMap":{"0":{"name":"(anonymous_0)","decl":{"start":{"line":1,"column":15},"end":{"line":1,"column":16}},"loc":{"start":{"line":1,"column":25},"end":{"line":4,"column":1}},"line":1},"1":{"name":"(anonymous_1)","decl":{"start":{"line":1,"column":25},"end":{"line":1,"column":26}},"loc":{"start":{"line":1,"column":34},"end":{"line":4,"column":1}},"line":1},"2":{"name":"(anonymous_2)","decl":{"start":{"line":1,"column":34},"end":{"line":1,"column":35}},"loc":{"start":{"line":1,"column":42},"end":{"line":4,"column":1}},"line":1},"3":{"name":"(anonymous_3)","decl":{"start":{"line":1,"column":42},"end":{"line":1,"column":43}},"loc":{"start":{"line":1,"column":52},"end":{"line":4,"column":1}},"line":1}},"branchMap":{},"s":{"0":1,"1":2,"2":2,"3":2,"4":5,"5":5},"f":{"0":2,"1":2,"2":2,"3":5},"b":{},"_coverageSchema":"1a1c01bbd47fc00a2c39e90264f33305004495a9","hash":"528f40ec7d66f2f0c6837e90c655d9039ab1155d"}
,"F:\\React\\Redux\\redux-starter\\src\\store\\middleware\\toast.js": {"path":"F:\\React\\Redux\\redux-starter\\src\\store\\middleware\\toast.js","statementMap":{"0":{"start":{"line":1,"column":14},"end":{"line":6,"column":1}},"1":{"start":{"line":1,"column":23},"end":{"line":6,"column":1}},"2":{"start":{"line":1,"column":31},"end":{"line":6,"column":1}},"3":{"start":{"line":2,"column":4},"end":{"line":5,"column":28}},"4":{"start":{"line":3,"column":8},"end":{"line":3,"column":56}},"5":{"start":{"line":5,"column":9},"end":{"line":5,"column":28}}},"fnMap":{"0":{"name":"(anonymous_0)","decl":{"start":{"line":1,"column":14},"end":{"line":1,"column":15}},"loc":{"start":{"line":1,"column":23},"end":{"line":6,"column":1}},"line":1},"1":{"name":"(anonymous_1)","decl":{"start":{"line":1,"column":23},"end":{"line":1,"column":24}},"loc":{"start":{"line":1,"column":31},"end":{"line":6,"column":1}},"line":1},"2":{"name":"(anonymous_2)","decl":{"start":{"line":1,"column":31},"end":{"line":1,"column":32}},"loc":{"start":{"line":1,"column":41},"end":{"line":6,"column":1}},"line":1}},"branchMap":{"0":{"loc":{"start":{"line":2,"column":4},"end":{"line":5,"column":28}},"type":"if","locations":[{"start":{"line":2,"column":4},"end":{"line":5,"column":28}},{"start":{"line":5,"column":9},"end":{"line":5,"column":28}}],"line":2}},"s":{"0":1,"1":2,"2":2,"3":5,"4":0,"5":5},"f":{"0":2,"1":2,"2":5},"b":{"0":[0,5]},"_coverageSchema":"1a1c01bbd47fc00a2c39e90264f33305004495a9","hash":"c2d8d0c77375c59296a8684e3bd9e593a148572e"}
}
